 * Project path: /root/projects/outsight/outsight.lektorproject
 * Output path: /root/.cache/lektor/builds/5a1a793f16f0cb2c17d2f155a46c3a21
Started source info update
[31m[1mWARNING: This is a development server. Do not use it in a production deployment. Use a production WSGI server instead.[0m
 * Running on all addresses (0.0.0.0)
 * Running on http://127.0.0.1:9999
 * Running on http://167.235.49.123:9999
[33mPress CTRL+C to quit[0m
Finished source info update in 0.02 sec
Started build
Finished build in 0.01 sec
Started prune
Finished prune in 0.00 sec
Started build
Finished build in 0.03 sec
Started prune
Finished prune in 0.00 sec
Started build
Finished build in 0.03 sec
Started prune
Finished prune in 0.00 sec
Started build
Finished build in 0.02 sec
Started prune
Finished prune in 0.00 sec
Started build
Finished build in 0.02 sec
Started prune
Finished prune in 0.00 sec
Started build
Finished build in 0.02 sec
Started prune
Finished prune in 0.00 sec
Started build
Finished build in 0.03 sec
Started prune
Finished prune in 0.00 sec
Started build
Finished build in 0.02 sec
Started prune
Finished prune in 0.00 sec
Started build
Finished build in 0.02 sec
Started prune
Finished prune in 0.00 sec
Started build
Finished build in 0.02 sec
Started prune
Finished prune in 0.00 sec
Started build
Finished build in 0.02 sec
Started prune
Finished prune in 0.00 sec
Started build
Finished build in 0.02 sec
Started prune
Finished prune in 0.00 sec
Started build
Finished build in 0.03 sec
Started prune
Finished prune in 0.00 sec
Started build
Finished build in 0.03 sec
Started prune
Finished prune in 0.00 sec
Started build
Finished build in 0.02 sec
Started prune
Finished prune in 0.00 sec
Started build
Finished build in 0.02 sec
Started prune
Finished prune in 0.00 sec
Started build
Finished build in 0.02 sec
Started prune
Finished prune in 0.00 sec
Started build
Finished build in 0.02 sec
Started prune
Finished prune in 0.00 sec
Started build
Finished build in 0.02 sec
Started prune
Finished prune in 0.00 sec
Started build
Finished build in 0.02 sec
Started prune
Finished prune in 0.00 sec
Started build
Finished build in 0.02 sec
Started prune
Finished prune in 0.00 sec
Started build
Finished build in 0.02 sec
Started prune
Finished prune in 0.00 sec
Started build
Finished build in 0.02 sec
Started prune
Finished prune in 0.00 sec
Started build
Finished build in 0.03 sec
Started prune
Finished prune in 0.00 sec
Started build
Finished build in 0.02 sec
Started prune
Finished prune in 0.00 sec
Started build
Finished build in 0.02 sec
Started prune
Finished prune in 0.00 sec
Started build
Finished build in 0.02 sec
Started prune
Finished prune in 0.00 sec
Started build
Finished build in 0.03 sec
Started prune
Finished prune in 0.00 sec
Started build
Finished build in 0.02 sec
Started prune
Finished prune in 0.00 sec
Started build
Finished build in 0.02 sec
Started prune
Finished prune in 0.00 sec
Started build
Finished build in 0.02 sec
Started prune
Finished prune in 0.00 sec
Started build
Finished build in 0.02 sec
Started prune
Finished prune in 0.00 sec
Started build
Finished build in 0.02 sec
Started prune
Finished prune in 0.00 sec
Started build
Finished build in 0.02 sec
Started prune
Finished prune in 0.00 sec
Started build
Finished build in 0.02 sec
Started prune
Finished prune in 0.00 sec
Started build
Finished build in 0.02 sec
Started prune
Finished prune in 0.00 sec
Started build
Finished build in 0.02 sec
Started prune
Finished prune in 0.00 sec
Started build
Finished build in 0.02 sec
Started prune
Finished prune in 0.00 sec
Started build
Finished build in 0.02 sec
Started prune
Finished prune in 0.00 sec
Started build
Finished build in 0.02 sec
Started prune
Finished prune in 0.00 sec
Started build
Finished build in 0.02 sec
Started prune
Finished prune in 0.00 sec
Started build
Finished build in 0.02 sec
Started prune
Finished prune in 0.00 sec
Started build
Finished build in 0.02 sec
Started prune
Finished prune in 0.00 sec
Started build
Finished build in 0.02 sec
Started prune
Finished prune in 0.00 sec
Started build
Finished build in 0.02 sec
Started prune
Finished prune in 0.00 sec
